{"level":"info","message":"5MinTask started","timestamp":"2018-05-25T09:40:00.040Z"}
{"level":"info","message":"5MinTask started","timestamp":"2018-05-25T09:55:00.828Z"}
{"level":"info","message":"5MinTask started","timestamp":"2018-05-25T10:00:00.619Z"}
{"level":"info","message":"5MinTask started","timestamp":"2018-05-25T10:05:00.699Z"}
{"level":"info","message":"5MinTask started","timestamp":"2018-05-25T10:10:00.474Z"}
{"level":"info","message":"5MinTask started","timestamp":"2018-05-25T10:15:00.214Z"}
{"level":"info","message":"5MinTask started","timestamp":"2018-05-25T10:20:00.853Z"}
{"level":"info","message":"5MinTask started","timestamp":"2018-05-25T10:25:00.458Z"}
{"level":"info","message":"5MinTask started","timestamp":"2018-05-25T10:30:00.078Z"}
{"level":"info","message":"5MinTask started","timestamp":"2018-05-25T10:35:00.793Z"}
{"level":"info","message":"5MinTask started","timestamp":"2018-05-25T10:40:00.357Z"}
{"level":"info","message":"5MinTask started","timestamp":"2018-05-25T10:45:00.098Z"}
{"level":"info","message":"5MinTask started","timestamp":"2018-05-25T10:50:00.743Z"}
{"level":"info","message":"5MinTask started","timestamp":"2018-05-25T10:55:00.400Z"}
{"level":"info","message":"5MinTask started","timestamp":"2018-05-25T11:00:00.053Z"}
{"level":"info","message":"5MinTask started","timestamp":"2018-05-25T11:05:00.558Z"}
{"level":"info","message":"5MinTask started","timestamp":"2018-05-25T11:10:00.391Z"}
{"level":"info","message":"5MinTask started","timestamp":"2018-05-25T11:15:00.433Z"}
{"level":"info","message":"1HourTask started","timestamp":"2018-05-25T11:19:00.566Z"}
{"level":"info","message":"5MinTask started","timestamp":"2018-05-25T11:20:00.440Z"}
{"level":"info","message":"1HourTask started","timestamp":"2018-05-25T11:20:00.441Z"}
{"level":"info","message":"1HourTask started","timestamp":"2018-05-25T11:22:00.029Z"}
{"level":"info","message":"1HourTask started","timestamp":"2018-05-25T11:23:00.003Z"}
{"level":"info","message":"1HourTask started","timestamp":"2018-05-25T11:24:00.618Z"}
{"level":"info","message":"5MinTask started","timestamp":"2018-05-25T11:25:00.726Z"}
{"level":"info","message":"1HourTask started","timestamp":"2018-05-25T11:25:00.728Z"}
{"level":"info","message":"1HourTask started","timestamp":"2018-05-25T11:27:00.528Z"}
{"level":"info","message":"1HourTask started","timestamp":"2018-05-25T11:28:00.234Z"}
{"level":"info","message":"1HourTask started","timestamp":"2018-05-25T11:29:00.916Z"}
{"level":"info","message":"1HourTask started","timestamp":"2018-05-25T11:31:00.168Z"}
{"level":"info","message":"goThrowTenders finished","timestamp":"2018-05-25T11:31:59.591Z"}
{"level":"info","message":"goThrowTenders finished","timestamp":"2018-05-25T11:32:00.223Z"}
{"level":"info","message":"1HourTask started","timestamp":"2018-05-25T11:32:00.856Z"}
{"level":"info","message":"goThrowTenders finished","timestamp":"2018-05-25T11:32:01.120Z"}
{"level":"info","message":"goThrowTenders finished","timestamp":"2018-05-25T11:33:00.906Z"}
{"level":"info","message":"1HourTask started","timestamp":"2018-05-25T11:33:00.966Z"}
{"level":"info","message":"goThrowTenders finished","timestamp":"2018-05-25T11:33:01.006Z"}
{"level":"info","message":"1HourTask started","timestamp":"2018-05-25T11:34:00.080Z"}
{"level":"info","message":"goThrowTenders finished","timestamp":"2018-05-25T11:34:00.119Z"}
{"level":"info","message":"goThrowTenders finished","timestamp":"2018-05-25T11:34:01.026Z"}
{"level":"info","message":"goThrowTenders finished","timestamp":"2018-05-25T11:35:00.171Z"}
{"level":"info","message":"5MinTask started","timestamp":"2018-05-25T11:35:00.191Z"}
{"level":"info","message":"1HourTask started","timestamp":"2018-05-25T11:35:00.192Z"}
{"level":"info","message":"goThrowTenders finished","timestamp":"2018-05-25T11:35:00.459Z"}
{"level":"info","message":"goThrowTenders finished","timestamp":"2018-05-25T11:36:00.268Z"}
{"level":"info","message":"1HourTask started","timestamp":"2018-05-25T11:36:00.355Z"}
{"level":"info","message":"goThrowTenders finished","timestamp":"2018-05-25T11:36:00.386Z"}
{"level":"info","message":"goThrowTenders finished","timestamp":"2018-05-25T11:37:00.446Z"}
{"level":"info","message":"1HourTask started","timestamp":"2018-05-25T11:37:00.463Z"}
{"level":"info","message":"goThrowTenders finished","timestamp":"2018-05-25T11:37:00.495Z"}
{"level":"info","message":"goThrowTenders finished","timestamp":"2018-05-25T11:38:00.514Z"}
{"level":"info","message":"1HourTask started","timestamp":"2018-05-25T11:38:00.556Z"}
{"level":"info","message":"goThrowTenders finished","timestamp":"2018-05-25T11:38:00.651Z"}
{"level":"info","message":"1HourTask started","timestamp":"2018-05-25T11:39:00.960Z"}
{"level":"info","message":"goThrowTenders finished","timestamp":"2018-05-25T11:39:01.048Z"}
{"level":"info","message":"5MinTask started","timestamp":"2018-05-25T11:40:00.073Z"}
{"level":"info","message":"1HourTask started","timestamp":"2018-05-25T11:40:00.074Z"}
{"level":"info","message":"goThrowTenders finished","timestamp":"2018-05-25T11:40:00.363Z"}
{"level":"info","message":"goThrowTenders finished","timestamp":"2018-05-25T11:40:01.310Z"}
{"level":"info","message":"1HourTask started","timestamp":"2018-05-25T11:41:00.404Z"}
{"level":"info","message":"goThrowTenders finished","timestamp":"2018-05-25T11:41:00.467Z"}
{"level":"info","message":"goThrowTenders finished","timestamp":"2018-05-25T11:42:00.456Z"}
{"level":"info","message":"1HourTask started","timestamp":"2018-05-25T11:42:00.527Z"}
{"level":"info","message":"goThrowTenders finished","timestamp":"2018-05-25T11:42:00.568Z"}
{"level":"info","message":"goThrowTenders finished","timestamp":"2018-05-25T11:43:00.574Z"}
{"level":"info","message":"1HourTask started","timestamp":"2018-05-25T11:43:00.616Z"}
{"level":"info","message":"goThrowTenders finished","timestamp":"2018-05-25T11:43:00.651Z"}
{"level":"info","message":"goThrowTenders finished","timestamp":"2018-05-25T11:44:00.659Z"}
{"level":"info","message":"1HourTask started","timestamp":"2018-05-25T11:44:00.703Z"}
{"level":"info","message":"goThrowTenders finished","timestamp":"2018-05-25T11:44:00.750Z"}
{"level":"info","message":"5MinTask started","timestamp":"2018-05-25T11:45:00.104Z"}
{"level":"info","message":"1HourTask started","timestamp":"2018-05-25T11:45:00.107Z"}
{"level":"info","message":"goThrowTenders finished","timestamp":"2018-05-25T11:45:00.379Z"}
{"level":"info","message":"1HourTask started","timestamp":"2018-05-25T11:46:00.701Z"}
{"level":"info","message":"goThrowTenders finished","timestamp":"2018-05-25T11:46:00.848Z"}
{"level":"info","message":"goThrowTenders finished","timestamp":"2018-05-25T11:47:00.748Z"}
{"level":"info","message":"1HourTask started","timestamp":"2018-05-25T11:47:00.793Z"}
{"level":"info","message":"goThrowTenders finished","timestamp":"2018-05-25T11:47:00.844Z"}
{"level":"info","message":"goThrowTenders finished","timestamp":"2018-05-25T11:48:00.842Z"}
{"level":"info","message":"1HourTask started","timestamp":"2018-05-25T11:48:00.920Z"}
{"level":"info","message":"goThrowTenders finished","timestamp":"2018-05-25T11:48:00.965Z"}
{"level":"info","message":"1HourTask started","timestamp":"2018-05-25T11:49:00.073Z"}
{"level":"info","message":"goThrowTenders finished","timestamp":"2018-05-25T11:49:00.127Z"}
{"level":"info","message":"goThrowTenders finished","timestamp":"2018-05-25T11:49:00.983Z"}
{"level":"info","message":"goThrowTenders finished","timestamp":"2018-05-25T11:50:00.109Z"}
{"level":"info","message":"5MinTask started","timestamp":"2018-05-25T11:50:00.214Z"}
{"level":"info","message":"1HourTask started","timestamp":"2018-05-25T11:50:00.214Z"}
{"level":"info","message":"goThrowTenders finished","timestamp":"2018-05-25T11:50:00.527Z"}
{"level":"info","message":"goThrowTenders finished","timestamp":"2018-05-25T11:51:00.318Z"}
{"level":"info","message":"1HourTask started","timestamp":"2018-05-25T11:51:00.430Z"}
{"level":"info","message":"goThrowTenders finished","timestamp":"2018-05-25T11:51:00.471Z"}
{"level":"info","message":"goThrowTenders finished","timestamp":"2018-05-25T11:52:00.465Z"}
{"level":"info","message":"1HourTask started","timestamp":"2018-05-25T11:52:00.592Z"}
{"level":"info","message":"goThrowTenders finished","timestamp":"2018-05-25T11:52:00.628Z"}
{"level":"error","message":"MongoError: Authentication failed.\n    at Function.MongoError.create (/Users/Juff/WebstormProjects/prozorroA/node_modules/mongodb-core/lib/error.js:31:11)\n    at /Users/Juff/WebstormProjects/prozorroA/node_modules/mongodb-core/lib/connection/pool.js:497:72\n    at authenticateStragglers (/Users/Juff/WebstormProjects/prozorroA/node_modules/mongodb-core/lib/connection/pool.js:443:16)\n    at Connection.messageHandler (/Users/Juff/WebstormProjects/prozorroA/node_modules/mongodb-core/lib/connection/pool.js:477:5)\n    at Socket.<anonymous> (/Users/Juff/WebstormProjects/prozorroA/node_modules/mongodb-core/lib/connection/connection.js:333:22)\n    at Socket.emit (events.js:160:13)\n    at addChunk (_stream_readable.js:269:12)\n    at readableAddChunk (_stream_readable.js:256:11)\n    at Socket.Readable.push (_stream_readable.js:213:10)\n    at TCP.onread (net.js:602:20)","timestamp":"2018-05-25T11:52:53.955Z"}
{"level":"info","message":"1HourTask started","timestamp":"2018-05-25T11:53:00.938Z"}
{"level":"error","message":"MongoError: failed to connect to server [undefined:27017] on first connect [MongoError: getaddrinfo ENOTFOUND undefined undefined:27017]\n    at Pool.<anonymous> (/Users/Juff/WebstormProjects/prozorroA/node_modules/mongodb-core/lib/topologies/server.js:336:35)\n    at Pool.emit (events.js:160:13)\n    at Connection.<anonymous> (/Users/Juff/WebstormProjects/prozorroA/node_modules/mongodb-core/lib/connection/pool.js:280:12)\n    at Object.onceWrapper (events.js:255:19)\n    at Connection.emit (events.js:160:13)\n    at Socket.<anonymous> (/Users/Juff/WebstormProjects/prozorroA/node_modules/mongodb-core/lib/connection/connection.js:189:49)\n    at Object.onceWrapper (events.js:255:19)\n    at Socket.emit (events.js:160:13)\n    at emitErrorNT (internal/streams/destroy.js:64:8)\n    at process._tickCallback (internal/process/next_tick.js:152:19)","timestamp":"2018-05-25T11:53:11.842Z"}
{"level":"error","message":"Error: listen EADDRINUSE :::8080\n    at Object._errnoException (util.js:1003:13)\n    at _exceptionWithHostPort (util.js:1024:20)\n    at Server.setupListenHandle [as _listen2] (net.js:1367:14)\n    at listenInCluster (net.js:1408:12)\n    at Server.listen (net.js:1496:7)\n    at Function.listen (/Users/Juff/WebstormProjects/prozorroA/node_modules/express/lib/application.js:618:24)\n    at Object.<anonymous> (/Users/Juff/WebstormProjects/prozorroA/server/app.js:235:5)\n    at Module._compile (module.js:660:30)\n    at loader (/usr/local/lib/node_modules/babel-cli/node_modules/babel-register/lib/node.js:144:5)\n    at Object.require.extensions.(anonymous function) [as .js] (/usr/local/lib/node_modules/babel-cli/node_modules/babel-register/lib/node.js:154:7)\n    at Module.load (module.js:573:32)\n    at tryModuleLoad (module.js:513:12)\n    at Function.Module._load (module.js:505:3)\n    at Function.Module.runMain (module.js:701:10)\n    at Object.<anonymous> (/usr/local/lib/node_modules/babel-cli/lib/_babel-node.js:154:22)\n    at Module._compile (module.js:660:30)","timestamp":"2018-05-25T11:53:44.033Z"}
{"level":"info","message":"goThrowTenders finished","timestamp":"2018-05-25T11:53:44.896Z"}
{"level":"error","message":"Error: listen EADDRINUSE :::8080\n    at Object._errnoException (util.js:1003:13)\n    at _exceptionWithHostPort (util.js:1024:20)\n    at Server.setupListenHandle [as _listen2] (net.js:1367:14)\n    at listenInCluster (net.js:1408:12)\n    at Server.listen (net.js:1496:7)\n    at Function.listen (/Users/Juff/WebstormProjects/prozorroA/node_modules/express/lib/application.js:618:24)\n    at Object.<anonymous> (/Users/Juff/WebstormProjects/prozorroA/server/app.js:235:5)\n    at Module._compile (module.js:660:30)\n    at loader (/usr/local/lib/node_modules/babel-cli/node_modules/babel-register/lib/node.js:144:5)\n    at Object.require.extensions.(anonymous function) [as .js] (/usr/local/lib/node_modules/babel-cli/node_modules/babel-register/lib/node.js:154:7)\n    at Module.load (module.js:573:32)\n    at tryModuleLoad (module.js:513:12)\n    at Function.Module._load (module.js:505:3)\n    at Function.Module.runMain (module.js:701:10)\n    at Object.<anonymous> (/usr/local/lib/node_modules/babel-cli/lib/_babel-node.js:154:22)\n    at Module._compile (module.js:660:30)","timestamp":"2018-05-25T11:53:53.998Z"}
{"level":"info","message":"goThrowTenders finished","timestamp":"2018-05-25T11:53:54.960Z"}
{"level":"info","message":"1HourTask started","timestamp":"2018-05-25T11:54:00.874Z"}
{"level":"info","message":"1HourTask started","timestamp":"2018-05-25T11:54:00.991Z"}
{"level":"info","message":"goThrowTenders finished","timestamp":"2018-05-25T11:54:01.073Z"}
{"level":"info","message":"goThrowTenders finished","timestamp":"2018-05-25T11:54:01.168Z"}
{"level":"error","message":"Error: listen EADDRINUSE :::8080\n    at Object._errnoException (util.js:1003:13)\n    at _exceptionWithHostPort (util.js:1024:20)\n    at Server.setupListenHandle [as _listen2] (net.js:1367:14)\n    at listenInCluster (net.js:1408:12)\n    at Server.listen (net.js:1496:7)\n    at Function.listen (/Users/Juff/WebstormProjects/prozorroA/node_modules/express/lib/application.js:618:24)\n    at Object.<anonymous> (/Users/Juff/WebstormProjects/prozorroA/server/app.js:235:5)\n    at Module._compile (module.js:660:30)\n    at loader (/usr/local/lib/node_modules/babel-cli/node_modules/babel-register/lib/node.js:144:5)\n    at Object.require.extensions.(anonymous function) [as .js] (/usr/local/lib/node_modules/babel-cli/node_modules/babel-register/lib/node.js:154:7)\n    at Module.load (module.js:573:32)\n    at tryModuleLoad (module.js:513:12)\n    at Function.Module._load (module.js:505:3)\n    at Function.Module.runMain (module.js:701:10)\n    at Object.<anonymous> (/usr/local/lib/node_modules/babel-cli/lib/_babel-node.js:154:22)\n    at Module._compile (module.js:660:30)","timestamp":"2018-05-25T11:54:20.257Z"}
{"level":"error","message":"Error: listen EADDRINUSE :::8080\n    at Object._errnoException (util.js:1003:13)\n    at _exceptionWithHostPort (util.js:1024:20)\n    at Server.setupListenHandle [as _listen2] (net.js:1367:14)\n    at listenInCluster (net.js:1408:12)\n    at Server.listen (net.js:1496:7)\n    at Function.listen (/Users/Juff/WebstormProjects/prozorroA/node_modules/express/lib/application.js:618:24)\n    at Object.<anonymous> (/Users/Juff/WebstormProjects/prozorroA/server/app.js:235:5)\n    at Module._compile (module.js:660:30)\n    at loader (/usr/local/lib/node_modules/babel-cli/node_modules/babel-register/lib/node.js:144:5)\n    at Object.require.extensions.(anonymous function) [as .js] (/usr/local/lib/node_modules/babel-cli/node_modules/babel-register/lib/node.js:154:7)\n    at Module.load (module.js:573:32)\n    at tryModuleLoad (module.js:513:12)\n    at Function.Module._load (module.js:505:3)\n    at Function.Module.runMain (module.js:701:10)\n    at Object.<anonymous> (/usr/local/lib/node_modules/babel-cli/lib/_babel-node.js:154:22)\n    at Module._compile (module.js:660:30)","timestamp":"2018-05-25T11:54:20.257Z"}
{"level":"error","message":"MongoError: Authentication failed.\n    at Function.MongoError.create (/Users/Juff/WebstormProjects/prozorroA/node_modules/mongodb-core/lib/error.js:31:11)\n    at /Users/Juff/WebstormProjects/prozorroA/node_modules/mongodb-core/lib/connection/pool.js:497:72\n    at authenticateStragglers (/Users/Juff/WebstormProjects/prozorroA/node_modules/mongodb-core/lib/connection/pool.js:443:16)\n    at Connection.messageHandler (/Users/Juff/WebstormProjects/prozorroA/node_modules/mongodb-core/lib/connection/pool.js:477:5)\n    at Socket.<anonymous> (/Users/Juff/WebstormProjects/prozorroA/node_modules/mongodb-core/lib/connection/connection.js:333:22)\n    at Socket.emit (events.js:160:13)\n    at addChunk (_stream_readable.js:269:12)\n    at readableAddChunk (_stream_readable.js:256:11)\n    at Socket.Readable.push (_stream_readable.js:213:10)\n    at TCP.onread (net.js:602:20)","timestamp":"2018-05-25T11:54:20.645Z"}
{"level":"error","message":"MongoError: Authentication failed.\n    at Function.MongoError.create (/Users/Juff/WebstormProjects/prozorroA/node_modules/mongodb-core/lib/error.js:31:11)\n    at /Users/Juff/WebstormProjects/prozorroA/node_modules/mongodb-core/lib/connection/pool.js:497:72\n    at authenticateStragglers (/Users/Juff/WebstormProjects/prozorroA/node_modules/mongodb-core/lib/connection/pool.js:443:16)\n    at Connection.messageHandler (/Users/Juff/WebstormProjects/prozorroA/node_modules/mongodb-core/lib/connection/pool.js:477:5)\n    at Socket.<anonymous> (/Users/Juff/WebstormProjects/prozorroA/node_modules/mongodb-core/lib/connection/connection.js:333:22)\n    at Socket.emit (events.js:160:13)\n    at addChunk (_stream_readable.js:269:12)\n    at readableAddChunk (_stream_readable.js:256:11)\n    at Socket.Readable.push (_stream_readable.js:213:10)\n    at TCP.onread (net.js:602:20)","timestamp":"2018-05-25T11:54:20.648Z"}
{"level":"error","message":"Error: listen EADDRINUSE :::8080\n    at Object._errnoException (util.js:1003:13)\n    at _exceptionWithHostPort (util.js:1024:20)\n    at Server.setupListenHandle [as _listen2] (net.js:1367:14)\n    at listenInCluster (net.js:1408:12)\n    at Server.listen (net.js:1496:7)\n    at Function.listen (/Users/Juff/WebstormProjects/prozorroA/node_modules/express/lib/application.js:618:24)\n    at Object.<anonymous> (/Users/Juff/WebstormProjects/prozorroA/server/app.js:235:5)\n    at Module._compile (module.js:660:30)\n    at loader (/usr/local/lib/node_modules/babel-cli/node_modules/babel-register/lib/node.js:144:5)\n    at Object.require.extensions.(anonymous function) [as .js] (/usr/local/lib/node_modules/babel-cli/node_modules/babel-register/lib/node.js:154:7)\n    at Module.load (module.js:573:32)\n    at tryModuleLoad (module.js:513:12)\n    at Function.Module._load (module.js:505:3)\n    at Function.Module.runMain (module.js:701:10)\n    at Object.<anonymous> (/usr/local/lib/node_modules/babel-cli/lib/_babel-node.js:154:22)\n    at Module._compile (module.js:660:30)","timestamp":"2018-05-25T11:54:35.846Z"}
{"level":"error","message":"Error: listen EADDRINUSE :::8080\n    at Object._errnoException (util.js:1003:13)\n    at _exceptionWithHostPort (util.js:1024:20)\n    at Server.setupListenHandle [as _listen2] (net.js:1367:14)\n    at listenInCluster (net.js:1408:12)\n    at Server.listen (net.js:1496:7)\n    at Function.listen (/Users/Juff/WebstormProjects/prozorroA/node_modules/express/lib/application.js:618:24)\n    at Object.<anonymous> (/Users/Juff/WebstormProjects/prozorroA/server/app.js:235:5)\n    at Module._compile (module.js:660:30)\n    at loader (/usr/local/lib/node_modules/babel-cli/node_modules/babel-register/lib/node.js:144:5)\n    at Object.require.extensions.(anonymous function) [as .js] (/usr/local/lib/node_modules/babel-cli/node_modules/babel-register/lib/node.js:154:7)\n    at Module.load (module.js:573:32)\n    at tryModuleLoad (module.js:513:12)\n    at Function.Module._load (module.js:505:3)\n    at Function.Module.runMain (module.js:701:10)\n    at Object.<anonymous> (/usr/local/lib/node_modules/babel-cli/lib/_babel-node.js:154:22)\n    at Module._compile (module.js:660:30)","timestamp":"2018-05-25T11:54:47.662Z"}
{"level":"error","message":"Error: listen EADDRINUSE :::8080\n    at Object._errnoException (util.js:1003:13)\n    at _exceptionWithHostPort (util.js:1024:20)\n    at Server.setupListenHandle [as _listen2] (net.js:1367:14)\n    at listenInCluster (net.js:1408:12)\n    at Server.listen (net.js:1496:7)\n    at Function.listen (/Users/Juff/WebstormProjects/prozorroA/node_modules/express/lib/application.js:618:24)\n    at Object.<anonymous> (/Users/Juff/WebstormProjects/prozorroA/server/app.js:235:5)\n    at Module._compile (module.js:660:30)\n    at loader (/usr/local/lib/node_modules/babel-cli/node_modules/babel-register/lib/node.js:144:5)\n    at Object.require.extensions.(anonymous function) [as .js] (/usr/local/lib/node_modules/babel-cli/node_modules/babel-register/lib/node.js:154:7)\n    at Module.load (module.js:573:32)\n    at tryModuleLoad (module.js:513:12)\n    at Function.Module._load (module.js:505:3)\n    at Function.Module.runMain (module.js:701:10)\n    at Object.<anonymous> (/usr/local/lib/node_modules/babel-cli/lib/_babel-node.js:154:22)\n    at Module._compile (module.js:660:30)","timestamp":"2018-05-25T11:54:47.798Z"}
{"level":"error","message":"MongoError: Authentication failed.\n    at Function.MongoError.create (/Users/Juff/WebstormProjects/prozorroA/node_modules/mongodb-core/lib/error.js:31:11)\n    at /Users/Juff/WebstormProjects/prozorroA/node_modules/mongodb-core/lib/connection/pool.js:497:72\n    at authenticateStragglers (/Users/Juff/WebstormProjects/prozorroA/node_modules/mongodb-core/lib/connection/pool.js:443:16)\n    at Connection.messageHandler (/Users/Juff/WebstormProjects/prozorroA/node_modules/mongodb-core/lib/connection/pool.js:477:5)\n    at Socket.<anonymous> (/Users/Juff/WebstormProjects/prozorroA/node_modules/mongodb-core/lib/connection/connection.js:333:22)\n    at Socket.emit (events.js:160:13)\n    at addChunk (_stream_readable.js:269:12)\n    at readableAddChunk (_stream_readable.js:256:11)\n    at Socket.Readable.push (_stream_readable.js:213:10)\n    at TCP.onread (net.js:602:20)","timestamp":"2018-05-25T11:54:47.864Z"}
{"level":"error","message":"MongoError: Authentication failed.\n    at Function.MongoError.create (/Users/Juff/WebstormProjects/prozorroA/node_modules/mongodb-core/lib/error.js:31:11)\n    at /Users/Juff/WebstormProjects/prozorroA/node_modules/mongodb-core/lib/connection/pool.js:497:72\n    at authenticateStragglers (/Users/Juff/WebstormProjects/prozorroA/node_modules/mongodb-core/lib/connection/pool.js:443:16)\n    at Connection.messageHandler (/Users/Juff/WebstormProjects/prozorroA/node_modules/mongodb-core/lib/connection/pool.js:477:5)\n    at Socket.<anonymous> (/Users/Juff/WebstormProjects/prozorroA/node_modules/mongodb-core/lib/connection/connection.js:333:22)\n    at Socket.emit (events.js:160:13)\n    at addChunk (_stream_readable.js:269:12)\n    at readableAddChunk (_stream_readable.js:256:11)\n    at Socket.Readable.push (_stream_readable.js:213:10)\n    at TCP.onread (net.js:602:20)","timestamp":"2018-05-25T11:54:47.990Z"}
{"level":"info","message":"5MinTask started","timestamp":"2018-05-25T11:55:00.001Z"}
{"level":"info","message":"1HourTask started","timestamp":"2018-05-25T11:55:00.002Z"}
{"level":"info","message":"5MinTask started","timestamp":"2018-05-25T11:55:00.324Z"}
{"level":"info","message":"1HourTask started","timestamp":"2018-05-25T11:55:00.325Z"}
{"level":"info","message":"5MinTask started","timestamp":"2018-05-25T11:55:00.669Z"}
{"level":"info","message":"1HourTask started","timestamp":"2018-05-25T11:55:00.669Z"}
{"level":"info","message":"goThrowTenders finished","timestamp":"2018-05-25T11:55:00.710Z"}
{"level":"info","message":"5MinTask started","timestamp":"2018-05-25T11:55:00.799Z"}
{"level":"info","message":"1HourTask started","timestamp":"2018-05-25T11:55:00.800Z"}
{"level":"info","message":"goThrowTenders finished","timestamp":"2018-05-25T11:55:01.085Z"}
{"level":"error","message":"Error: listen EADDRINUSE :::8080\n    at Object._errnoException (util.js:1003:13)\n    at _exceptionWithHostPort (util.js:1024:20)\n    at Server.setupListenHandle [as _listen2] (net.js:1367:14)\n    at listenInCluster (net.js:1408:12)\n    at Server.listen (net.js:1496:7)\n    at Function.listen (/Users/Juff/WebstormProjects/prozorroA/node_modules/express/lib/application.js:618:24)\n    at Object.<anonymous> (/Users/Juff/WebstormProjects/prozorroA/server/app.js:235:5)\n    at Module._compile (module.js:660:30)\n    at loader (/usr/local/lib/node_modules/babel-cli/node_modules/babel-register/lib/node.js:144:5)\n    at Object.require.extensions.(anonymous function) [as .js] (/usr/local/lib/node_modules/babel-cli/node_modules/babel-register/lib/node.js:154:7)\n    at Module.load (module.js:573:32)\n    at tryModuleLoad (module.js:513:12)\n    at Function.Module._load (module.js:505:3)\n    at Function.Module.runMain (module.js:701:10)\n    at Object.<anonymous> (/usr/local/lib/node_modules/babel-cli/lib/_babel-node.js:154:22)\n    at Module._compile (module.js:660:30)","timestamp":"2018-05-25T11:55:36.152Z"}
{"level":"info","message":"goThrowTenders finished","timestamp":"2018-05-25T11:55:36.598Z"}
{"level":"info","message":"1HourTask started","timestamp":"2018-05-25T11:58:00.783Z"}
{"level":"info","message":"goThrowTenders finished","timestamp":"2018-05-25T11:58:00.983Z"}
{"level":"info","message":"1HourTask started","timestamp":"2018-05-25T11:59:00.727Z"}
{"level":"info","message":"goThrowTenders finished","timestamp":"2018-05-25T11:59:00.872Z"}
{"level":"info","message":"5MinTask started","timestamp":"2018-05-25T12:00:00.044Z"}
{"level":"info","message":"1HourTask started","timestamp":"2018-05-25T12:00:00.044Z"}
{"level":"info","message":"1HourTask started","timestamp":"2018-05-25T12:01:00.758Z"}
{"level":"info","message":"1HourTask started","timestamp":"2018-05-25T12:02:00.229Z"}
{"level":"info","message":"1HourTask started","timestamp":"2018-05-25T12:03:00.260Z"}
{"level":"info","message":"5MinTask started","timestamp":"2018-05-25T12:05:00.945Z"}
{"level":"info","message":"1HourTask started","timestamp":"2018-05-25T12:05:00.949Z"}
{"level":"info","message":"1HourTask started","timestamp":"2018-05-25T12:06:00.529Z"}
{"level":"info","message":"1HourTask started","timestamp":"2018-05-25T12:07:00.255Z"}
{"code":11000,"index":0,"errmsg":"E11000 duplicate key error index: heroku_8l8238dp.tenders.$_id_ dup key: { : \"c6545ebcebf143dd982d7d9e59f608c9\" }","op":{"history":{"2018-5-25:15:07:06":"Тендер добавлен в базу"},"status":"Закупка отменена","currency":"UAH","amount":"13000000","title":"Послуги, пов’язані з програмним забезпеченням (послуги з доступу до використання підручників, навчально-методичних посібників в електронному вигляді учням загальноосвітніх навчальних закладів Миколаївської області)","tenderID":"UA-2017-11-16-001235-a","awardCriteria":"lowestCost","startDate":"2018-02-05T13:36:36+02:00","datePublished":"2017-12-14T14:11:50.541826+02:00","name":"Департамент освіти і науки Миколаївської ОДА","_id":"c6545ebcebf143dd982d7d9e59f608c9","classification_ids":["72260000-5"],"items":["Послуги, пов’язані з програмним забезпеченням"],"tenderers":["ПП ЕЛЕКТРОНІК СОЛЮШЕНС","Державний вищий навчальний заклад \"Приазовський державний технічний університет\"","Товариство з обмеженою відповідальністю \"Вівере бене 2\""],"__v":0}}
{"level":"info","message":"1HourTask started","timestamp":"2018-05-25T12:08:00.863Z"}
{"level":"info","message":"1HourTask started","timestamp":"2018-05-25T12:09:00.700Z"}
{"level":"info","message":"5MinTask started","timestamp":"2018-05-25T12:10:00.288Z"}
{"level":"info","message":"1HourTask started","timestamp":"2018-05-25T12:10:00.288Z"}
{"level":"info","message":"1HourTask started","timestamp":"2018-05-25T12:11:00.398Z"}
{"level":"info","message":"1HourTask started","timestamp":"2018-05-25T12:12:00.603Z"}
{"level":"error","message":"Error: read ECONNRESET\n    at _errnoException (util.js:1003:13)\n    at TLSWrap.onread (net.js:623:25)","timestamp":"2018-05-25T12:12:16.571Z"}
{"level":"error","message":"Error: read ECONNRESET\n    at _errnoException (util.js:1003:13)\n    at TLSWrap.onread (net.js:623:25)","timestamp":"2018-05-25T12:12:16.571Z"}
{"level":"error","message":"Error: read ECONNRESET\n    at _errnoException (util.js:1003:13)\n    at TLSWrap.onread (net.js:623:25)","timestamp":"2018-05-25T12:12:16.572Z"}
{"level":"error","message":"Error: read ECONNRESET\n    at _errnoException (util.js:1003:13)\n    at TLSWrap.onread (net.js:623:25)","timestamp":"2018-05-25T12:12:18.372Z"}
{"level":"error","message":"Error: read ECONNRESET\n    at _errnoException (util.js:1003:13)\n    at TLSWrap.onread (net.js:623:25)","timestamp":"2018-05-25T12:12:18.372Z"}
{"level":"error","message":"Error: read ECONNRESET\n    at _errnoException (util.js:1003:13)\n    at TLSWrap.onread (net.js:623:25)","timestamp":"2018-05-25T12:12:29.752Z"}
{"level":"error","message":"Error: read ECONNRESET\n    at _errnoException (util.js:1003:13)\n    at TLSWrap.onread (net.js:623:25)","timestamp":"2018-05-25T12:12:29.755Z"}
{"level":"error","message":"Error: read ECONNRESET\n    at _errnoException (util.js:1003:13)\n    at TLSWrap.onread (net.js:623:25)","timestamp":"2018-05-25T12:12:31.953Z"}
{"level":"error","message":"Error: read ECONNRESET\n    at _errnoException (util.js:1003:13)\n    at TLSWrap.onread (net.js:623:25)","timestamp":"2018-05-25T12:12:31.954Z"}
{"level":"error","message":"Error: read ECONNRESET\n    at _errnoException (util.js:1003:13)\n    at TLSWrap.onread (net.js:623:25)","timestamp":"2018-05-25T12:12:37.594Z"}
{"level":"error","message":"Error: read ECONNRESET\n    at _errnoException (util.js:1003:13)\n    at TLSWrap.onread (net.js:623:25)","timestamp":"2018-05-25T12:12:37.595Z"}
{"level":"error","message":"Error: read ECONNRESET\n    at _errnoException (util.js:1003:13)\n    at TLSWrap.onread (net.js:623:25)","timestamp":"2018-05-25T12:12:43.699Z"}
{"level":"error","message":"Error: read ECONNRESET\n    at _errnoException (util.js:1003:13)\n    at TLSWrap.onread (net.js:623:25)","timestamp":"2018-05-25T12:12:43.700Z"}
{"level":"error","message":"Error: read ECONNRESET\n    at _errnoException (util.js:1003:13)\n    at TLSWrap.onread (net.js:623:25)","timestamp":"2018-05-25T12:13:14.161Z"}
{"level":"error","message":"Error: read ECONNRESET\n    at _errnoException (util.js:1003:13)\n    at TLSWrap.onread (net.js:623:25)","timestamp":"2018-05-25T12:13:14.162Z"}
{"level":"error","message":"Error: read ECONNRESET\n    at _errnoException (util.js:1003:13)\n    at TLSWrap.onread (net.js:623:25)","timestamp":"2018-05-25T12:13:14.163Z"}
{"level":"error","message":"Error: read ECONNRESET\n    at _errnoException (util.js:1003:13)\n    at TLSWrap.onread (net.js:623:25)","timestamp":"2018-05-25T12:13:14.164Z"}
{"level":"error","message":"Error: read ECONNRESET\n    at _errnoException (util.js:1003:13)\n    at TLSWrap.onread (net.js:623:25)","timestamp":"2018-05-25T12:13:14.165Z"}
{"level":"error","message":"Error: read ECONNRESET\n    at _errnoException (util.js:1003:13)\n    at TLSWrap.onread (net.js:623:25)","timestamp":"2018-05-25T12:13:14.166Z"}
{"level":"error","message":"Error: read ECONNRESET\n    at _errnoException (util.js:1003:13)\n    at TLSWrap.onread (net.js:623:25)","timestamp":"2018-05-25T12:13:14.166Z"}
{"level":"error","message":"Error: read ECONNRESET\n    at _errnoException (util.js:1003:13)\n    at TLSWrap.onread (net.js:623:25)","timestamp":"2018-05-25T12:13:14.167Z"}
{"level":"error","message":"Error: read ECONNRESET\n    at _errnoException (util.js:1003:13)\n    at TLSWrap.onread (net.js:623:25)","timestamp":"2018-05-25T12:13:14.168Z"}
{"level":"error","message":"Error: read ECONNRESET\n    at _errnoException (util.js:1003:13)\n    at TLSWrap.onread (net.js:623:25)","timestamp":"2018-05-25T12:13:23.037Z"}
{"level":"error","message":"Error: read ECONNRESET\n    at _errnoException (util.js:1003:13)\n    at TLSWrap.onread (net.js:623:25)","timestamp":"2018-05-25T12:13:23.039Z"}
{"level":"error","message":"Error: read ECONNRESET\n    at _errnoException (util.js:1003:13)\n    at TLSWrap.onread (net.js:623:25)","timestamp":"2018-05-25T12:13:33.039Z"}
{"level":"error","message":"Error: read ECONNRESET\n    at _errnoException (util.js:1003:13)\n    at TLSWrap.onread (net.js:623:25)","timestamp":"2018-05-25T12:13:38.611Z"}
{"level":"error","message":"Error: read ECONNRESET\n    at _errnoException (util.js:1003:13)\n    at TLSWrap.onread (net.js:623:25)","timestamp":"2018-05-25T12:13:56.078Z"}
{"level":"error","message":"SyntaxError: Unexpected end of JSON input\n    at JSON.parse (<anonymous>)\n    at IncomingMessage.<anonymous> (/Users/Juff/WebstormProjects/prozorroA/server/app.js:78:34)\n    at IncomingMessage.emit (events.js:165:20)\n    at endReadableNT (_stream_readable.js:1101:12)\n    at process._tickCallback (internal/process/next_tick.js:152:19)","timestamp":"2018-05-25T12:14:08.641Z"}
{"level":"error","message":"SyntaxError: Unexpected end of JSON input\n    at JSON.parse (<anonymous>)\n    at IncomingMessage.<anonymous> (/Users/Juff/WebstormProjects/prozorroA/server/app.js:78:34)\n    at IncomingMessage.emit (events.js:165:20)\n    at endReadableNT (_stream_readable.js:1101:12)\n    at process._tickCallback (internal/process/next_tick.js:152:19)","timestamp":"2018-05-25T12:14:08.643Z"}
{"level":"error","message":"Error: read ECONNRESET\n    at _errnoException (util.js:1003:13)\n    at TLSWrap.onread (net.js:623:25)","timestamp":"2018-05-25T12:14:16.844Z"}
{"level":"error","message":"Error: read ECONNRESET\n    at _errnoException (util.js:1003:13)\n    at TLSWrap.onread (net.js:623:25)","timestamp":"2018-05-25T12:14:49.957Z"}
{"level":"error","message":"Error: read ECONNRESET\n    at _errnoException (util.js:1003:13)\n    at TLSWrap.onread (net.js:623:25)","timestamp":"2018-05-25T12:14:49.957Z"}
{"level":"error","message":"Error: read ECONNRESET\n    at _errnoException (util.js:1003:13)\n    at TLSWrap.onread (net.js:623:25)","timestamp":"2018-05-25T12:14:49.958Z"}
{"level":"error","message":"Error: read ECONNRESET\n    at _errnoException (util.js:1003:13)\n    at TLSWrap.onread (net.js:623:25)","timestamp":"2018-05-25T12:14:49.959Z"}
{"level":"error","message":"Error: read ECONNRESET\n    at _errnoException (util.js:1003:13)\n    at TLSWrap.onread (net.js:623:25)","timestamp":"2018-05-25T12:14:49.959Z"}
{"level":"error","message":"Error: read ECONNRESET\n    at _errnoException (util.js:1003:13)\n    at TLSWrap.onread (net.js:623:25)","timestamp":"2018-05-25T12:14:49.960Z"}
{"level":"error","message":"Error: read ECONNRESET\n    at _errnoException (util.js:1003:13)\n    at TLSWrap.onread (net.js:623:25)","timestamp":"2018-05-25T12:14:49.961Z"}
{"level":"error","message":"Error: read ECONNRESET\n    at _errnoException (util.js:1003:13)\n    at TLSWrap.onread (net.js:623:25)","timestamp":"2018-05-25T12:14:49.961Z"}
{"level":"error","message":"Error: read ECONNRESET\n    at _errnoException (util.js:1003:13)\n    at TLSWrap.onread (net.js:623:25)","timestamp":"2018-05-25T12:14:49.962Z"}
{"level":"error","message":"Error: read ECONNRESET\n    at _errnoException (util.js:1003:13)\n    at TLSWrap.onread (net.js:623:25)","timestamp":"2018-05-25T12:14:49.962Z"}
{"level":"error","message":"Error: read ECONNRESET\n    at _errnoException (util.js:1003:13)\n    at TLSWrap.onread (net.js:623:25)","timestamp":"2018-05-25T12:14:49.963Z"}
{"level":"error","message":"Error: read ECONNRESET\n    at _errnoException (util.js:1003:13)\n    at TLSWrap.onread (net.js:623:25)","timestamp":"2018-05-25T12:14:49.964Z"}
{"level":"error","message":"Error: read ECONNRESET\n    at _errnoException (util.js:1003:13)\n    at TLSWrap.onread (net.js:623:25)","timestamp":"2018-05-25T12:14:49.964Z"}
{"level":"error","message":"SyntaxError: Unexpected end of JSON input\n    at JSON.parse (<anonymous>)\n    at IncomingMessage.<anonymous> (/Users/Juff/WebstormProjects/prozorroA/server/app.js:78:34)\n    at IncomingMessage.emit (events.js:165:20)\n    at endReadableNT (_stream_readable.js:1101:12)\n    at process._tickCallback (internal/process/next_tick.js:152:19)","timestamp":"2018-05-25T12:15:53.050Z"}
{"level":"error","message":"Error: connect ETIMEDOUT 195.178.150.111:443\n    at Object._errnoException (util.js:1003:13)\n    at _exceptionWithHostPort (util.js:1024:20)\n    at TCPConnectWrap.afterConnect [as oncomplete] (net.js:1195:14)","timestamp":"2018-05-25T13:12:54.433Z"}
{"level":"info","message":"1HourTask started","timestamp":"2018-05-25T13:13:00.832Z"}
{"level":"error","message":"Error: connect ETIMEDOUT 195.178.150.111:443\n    at Object._errnoException (util.js:1003:13)\n    at _exceptionWithHostPort (util.js:1024:20)\n    at TCPConnectWrap.afterConnect [as oncomplete] (net.js:1195:14)","timestamp":"2018-05-25T13:13:56.190Z"}
{"level":"info","message":"1HourTask started","timestamp":"2018-05-25T13:14:00.439Z"}
{"code":11000,"index":0,"errmsg":"E11000 duplicate key error index: heroku_8l8238dp.tenders.$_id_ dup key: { : \"a52cca117b4549b488f139e8a3aa9286\" }","op":{"history":{"2018-5-25:16:14:04":"Тендер добавлен в базу"},"status":"Закупка закончена","currency":"UAH","amount":"6318000","title":"Послуги, пов’язані з програмним забезпеченням (впровадження програмного забезпечення FICO Originations Manager Decision Module)","tenderID":"UA-2018-01-26-001534-b","name":"АТ \"Ощадбанк\"","_id":"a52cca117b4549b488f139e8a3aa9286","suppliers":["Товариство з обмеженою відповідальністю «ЕГАР ТЕХНОЛОЖІ УКРАЇНА»"],"classification_ids":["72260000-5"],"items":["Послуги, пов’язані з програмним забезпеченням"],"tenderers":["Товариство з обмеженою відповідальністю «ЕГАР ТЕХНОЛОЖІ УКРАЇНА»"],"__v":0}}
{"level":"info","message":"5MinTask started","timestamp":"2018-05-25T13:15:00.790Z"}
{"level":"info","message":"1HourTask started","timestamp":"2018-05-25T13:15:00.791Z"}
{"level":"error","message":"Error: connect ETIMEDOUT 195.178.150.111:443\n    at Object._errnoException (util.js:1003:13)\n    at _exceptionWithHostPort (util.js:1024:20)\n    at TCPConnectWrap.afterConnect [as oncomplete] (net.js:1195:14)","timestamp":"2018-05-25T13:15:50.266Z"}
{"level":"info","message":"1HourTask started","timestamp":"2018-05-25T13:16:00.576Z"}
{"level":"error","message":"Error: connect ETIMEDOUT 195.178.150.111:443\n    at Object._errnoException (util.js:1003:13)\n    at _exceptionWithHostPort (util.js:1024:20)\n    at TCPConnectWrap.afterConnect [as oncomplete] (net.js:1195:14)","timestamp":"2018-05-25T13:16:54.521Z"}
{"level":"info","message":"1HourTask started","timestamp":"2018-05-25T13:17:00.729Z"}
{"level":"info","message":"1HourTask started","timestamp":"2018-05-25T13:19:00.155Z"}
